<?xml version="1.0" encoding="UTF-8"?>
<mule xmlns="http://www.mulesoft.org/schema/mule/core" xmlns:doc="http://www.mulesoft.org/schema/mule/documentation" xmlns:xsi="http://www.w3.org/2001/XMLSchema-instance"
	xmlns:http="http://www.mulesoft.org/schema/mule/http" xsi:schemaLocation="http://www.mulesoft.org/schema/mule/core http://www.mulesoft.org/schema/mule/core/current/mule.xsd
	http://www.mulesoft.org/schema/mule/http http://www.mulesoft.org/schema/mule/http/current/mule-http.xsd">
  <http:listener-config name="HTTP_Listener_config">
    <http:listener-connection host="${http.listener.host}" port="${http.listener.port}" />
  </http:listener-config>
  <configuration-properties file="${env}.properties" doc:name="Configuration properties" />
  <flow name="test-flow">
    <http:listener path="hello" config-ref="HTTP_Listener_config" doc:name="Listener" doc:id="lbryit" />
    <set-payload value="Hello World" doc:name="Set payload" doc:id="tggriu" />
  </flow>
</mule>